#
# There is insufficient memory for the Java Runtime Environment to continue.
# Native memory allocation (malloc) failed to allocate 1048576 bytes for AllocateHeap
# Possible reasons:
#   The system is out of physical RAM or swap space
#   In 32 bit mode, the process size limit was hit
# Possible solutions:
#   Reduce memory load on the system
#   Increase physical memory or swap space
#   Check if swap backing store is full
#   Use 64 bit Java on a 64 bit OS
#   Decrease Java heap size (-Xmx/-Xms)
#   Decrease number of Java threads
#   Decrease Java thread stack sizes (-Xss)
#   Set larger code cache with -XX:ReservedCodeCacheSize=
# This output file may be truncated or incomplete.
#
#  Out of Memory Error (memory/allocation.inline.hpp:61), pid=28944, tid=15020
#
# JRE version:  (8.0_45-b15) (build )
# Java VM: Java HotSpot(TM) 64-Bit Server VM (25.45-b02 mixed mode windows-amd64 compressed oops)
# Failed to write core dump. Minidumps are not enabled by default on client versions of Windows
#

---------------  T H R E A D  ---------------

Current thread (0x0000000000bee000):  JavaThread "Unknown thread" [_thread_in_vm, id=15020, stack(0x0000000002630000,0x0000000002730000)]

Stack: [0x0000000002630000,0x0000000002730000]
Native frames: (J=compiled Java code, j=interpreted, Vv=VM code, C=native code)
V  [jvm.dll+0x32b57a]
V  [jvm.dll+0x279873]
V  [jvm.dll+0x27a509]
V  [jvm.dll+0x271825]
V  [jvm.dll+0x1606]
V  [jvm.dll+0x3c08c2]
V  [jvm.dll+0x3eecb2]
V  [jvm.dll+0x3ef27c]
V  [jvm.dll+0x3ea7a7]
V  [jvm.dll+0xf2cf2]
V  [jvm.dll+0x20f0c9]
V  [jvm.dll+0x240e0a]
V  [jvm.dll+0x15ba41]
C  [java.exe+0x216e]
C  [java.exe+0xcce7]
C  [java.exe+0xcd7b]
C  [KERNEL32.DLL+0x16ad]
C  [ntdll.dll+0x15444]


---------------  P R O C E S S  ---------------

Java Threads: ( => current thread )

Other Threads:

=>0x0000000000bee000 (exited) JavaThread "Unknown thread" [_thread_in_vm, id=15020, stack(0x0000000002630000,0x0000000002730000)]

VM state:not at safepoint (normal execution)

VM Mutex/Monitor currently owned by a thread: None

Heap:
 PSYoungGen      total 28160K, used 491K [0x00000000eab00000, 0x00000000eca00000, 0x0000000100000000)
  eden space 24576K, 2% used [0x00000000eab00000,0x00000000eab7ae20,0x00000000ec300000)
  from space 3584K, 0% used [0x00000000ec680000,0x00000000ec680000,0x00000000eca00000)
  to   space 3584K, 0% used [0x00000000ec300000,0x00000000ec300000,0x00000000ec680000)
 ParOldGen       total 64512K, used 0K [0x00000000c0000000, 0x00000000c3f00000, 0x00000000eab00000)
  object space 64512K, 0% used [0x00000000c0000000,0x00000000c0000000,0x00000000c3f00000)
 Metaspace       used 766K, capacity 4480K, committed 4480K, reserved 1056768K
  class space    used 75K, capacity 384K, committed 384K, reserved 1048576K

Card table byte_map: [0x0000000011bf0000,0x0000000011e00000] byte_map_base: 0x00000000115f0000

Marking Bits: (ParMarkBitMap*) 0x0000000075fa4040
 Begin Bits: [0x0000000012360000, 0x0000000013360000)
 End Bits:   [0x0000000013360000, 0x0000000014360000)

Polling page: 0x0000000000b70000

CodeCache: size=245760Kb used=327Kb max_used=327Kb free=245432Kb
 bounds [0x0000000002830000, 0x0000000002aa0000, 0x0000000011830000]
 total_blobs=56 nmethods=0 adapters=37
 compilation: enabled

Compilation events (0 events):
No events

GC Heap History (0 events):
No events

Deoptimization events (0 events):
No events

Internal exceptions (0 events):
No events

Events (10 events):
Event: 0.093 loading class java/lang/Short
Event: 0.094 loading class java/lang/Short done
Event: 0.094 loading class java/lang/Integer
Event: 0.094 loading class java/lang/Integer done
Event: 0.094 loading class java/lang/Long
Event: 0.094 loading class java/lang/Long done
Event: 0.096 loading class java/lang/NullPointerException
Event: 0.096 loading class java/lang/NullPointerException done
Event: 0.096 loading class java/lang/ArithmeticException
Event: 0.096 loading class java/lang/ArithmeticException done


Dynamic libraries:
0x00007ff7c4280000 - 0x00007ff7c42b7000 	E:\jdk\bin\java.exe
0x00007ff8f8850000 - 0x00007ff8f89fc000 	C:\Windows\SYSTEM32\ntdll.dll
0x00007ff8f5cf0000 - 0x00007ff8f5e2a000 	C:\Windows\system32\KERNEL32.DLL
0x00007ff8f5ba0000 - 0x00007ff8f5caf000 	C:\Windows\system32\KERNELBASE.dll
0x00007ff8f4350000 - 0x00007ff8f43d8000 	C:\Windows\system32\apphelp.dll
0x00007ff8ec0e0000 - 0x00007ff8ec12f000 	C:\Windows\AppPatch\AppPatch64\AcGenral.DLL
0x00007ff8f6c30000 - 0x00007ff8f6cd7000 	C:\Windows\system32\msvcrt.dll
0x00007ff8f5550000 - 0x00007ff8f557b000 	C:\Windows\SYSTEM32\SspiCli.dll
0x00007ff8f65e0000 - 0x00007ff8f6631000 	C:\Windows\system32\SHLWAPI.dll
0x00007ff8f66f0000 - 0x00007ff8f6861000 	C:\Windows\system32\USER32.dll
0x00007ff8f6870000 - 0x00007ff8f69e8000 	C:\Windows\system32\ole32.dll
0x00007ff8f6d40000 - 0x00007ff8f8258000 	C:\Windows\system32\SHELL32.dll
0x00007ff8f4d00000 - 0x00007ff8f4d1e000 	C:\Windows\SYSTEM32\USERENV.dll
0x00007ff8f6640000 - 0x00007ff8f66e5000 	C:\Windows\system32\ADVAPI32.dll
0x00007ff8ecd30000 - 0x00007ff8ecd4b000 	C:\Windows\SYSTEM32\MPR.dll
0x00007ff8f8710000 - 0x00007ff8f8847000 	C:\Windows\system32\RPCRT4.dll
0x00007ff8f6bd0000 - 0x00007ff8f6c29000 	C:\Windows\SYSTEM32\sechost.dll
0x00007ff8f8470000 - 0x00007ff8f8646000 	C:\Windows\SYSTEM32\combase.dll
0x00007ff8f6490000 - 0x00007ff8f65d4000 	C:\Windows\system32\GDI32.dll
0x00007ff8f56c0000 - 0x00007ff8f56d4000 	C:\Windows\SYSTEM32\profapi.dll
0x00007ff8f3d20000 - 0x00007ff8f3dbf000 	C:\Windows\SYSTEM32\SHCORE.dll
0x00007ff8f5cb0000 - 0x00007ff8f5ce4000 	C:\Windows\system32\IMM32.DLL
0x00007ff8f5ed0000 - 0x00007ff8f6022000 	C:\Windows\system32\MSCTF.dll
0x00007ff8f3320000 - 0x00007ff8f357a000 	C:\Windows\WinSxS\amd64_microsoft.windows.common-controls_6595b64144ccf1df_6.0.9600.17031_none_6242a4b3ecbb55a1\COMCTL32.dll
0x0000000073f90000 - 0x0000000074062000 	E:\jdk\jre\bin\msvcr100.dll
0x00000000757a0000 - 0x0000000076023000 	E:\jdk\jre\bin\server\jvm.dll
0x00007ff8f2880000 - 0x00007ff8f2889000 	C:\Windows\SYSTEM32\WSOCK32.dll
0x00007ff8f58a0000 - 0x00007ff8f58bf000 	C:\Windows\system32\WINMM.dll
0x00007ff8f35b0000 - 0x00007ff8f35ba000 	C:\Windows\SYSTEM32\VERSION.dll
0x00007ff8f8440000 - 0x00007ff8f8447000 	C:\Windows\system32\PSAPI.DLL
0x00007ff8f6030000 - 0x00007ff8f6088000 	C:\Windows\system32\WS2_32.dll
0x00007ff8f57a0000 - 0x00007ff8f57ca000 	C:\Windows\system32\WINMMBASE.dll
0x00007ff8f60f0000 - 0x00007ff8f60f9000 	C:\Windows\system32\NSI.dll
0x00007ff8f5840000 - 0x00007ff8f588a000 	C:\Windows\SYSTEM32\cfgmgr32.dll
0x00007ff8f5770000 - 0x00007ff8f5796000 	C:\Windows\system32\DEVOBJ.dll
0x0000000075790000 - 0x000000007579f000 	E:\jdk\jre\bin\verify.dll
0x0000000075760000 - 0x0000000075789000 	E:\jdk\jre\bin\java.dll
0x0000000075740000 - 0x0000000075756000 	E:\jdk\jre\bin\zip.dll
0x00007ff8ee9b0000 - 0x00007ff8eeb38000 	C:\Windows\SYSTEM32\dbghelp.dll

VM Arguments:
jvm_args: -Xmx1024M -Dfile.encoding=GBK -Duser.country=CN -Duser.language=zh -Duser.variant 
java_command: com.android.dx.command.Main --dex --output E:\Android-Studio-WorkDir\Notes\app\build\intermediates\dex\release E:\Android-Studio-WorkDir\Notes\app\build\intermediates\classes\release E:\Android-Studio-WorkDir\Notes\app\build\intermediates\pre-dexed\release\javax.inject-1-57332514c0b358870e08e91e650e04626f9272c8.jar E:\Android-Studio-WorkDir\Notes\app\build\intermediates\pre-dexed\release\support-annotations-22.2.0-1d26f1bf6691d031ee589c5f9559d1778c8faba1.jar E:\Android-Studio-WorkDir\Notes\app\build\intermediates\pre-dexed\release\systembartint-1.0.3-e7bc7d16c1765d7a5f5ffc7901f8d2c337fffac0.jar E:\Android-Studio-WorkDir\Notes\app\build\intermediates\pre-dexed\release\classes-c4ca87c398593dd0bdd7899ceaae6bf9594e36bf.jar E:\Android-Studio-WorkDir\Notes\app\build\intermediates\pre-dexed\release\classes-34e1383bd4f0ea60e34be3b094c9a97b07c4d7e3.jar E:\Android-Studio-WorkDir\Notes\app\build\intermediates\pre-dexed\release\classes-f4b72d5c901d906e1557f087c2c1da333a3aae8d.jar E:\Android-Studio-WorkDir\Notes\app\build\intermediates\pre-dexed\release\classes-d6c4797578e953f65eeda4b0d887c7d351de36e0.jar E:\Android-Studio-WorkDir\Notes\app\build\intermediates\pre-dexed\release\eventbus-2.4.0-47365d6baf0c9683a5121470b15888052c9f67f5.jar E:\Android-Studio-WorkDir\Notes\app\build\intermediates\pre-dexed\release\butterknife-6.1.0-e20f47cf3b9dd8efee4946ba2565b6818087430d.jar E:\Android-Studio-WorkDir\Notes\app\build\intermediates\pre-dexed\release\classes-606a618f0f0408a959452d6fc99f481aea6c507f.jar E:\Android-Studio-WorkDir\Notes\app\build\intermediates\pre-dexed\release\dagger-1.2.2-23d32ead0bfde1d8c29a51adc7daa5e5e3a34d6c.jar E:\Android-Studio-WorkDir\Notes\app\build\intermediates\pre-dexed\release\classes-0417cdce6f988d2395fe2ea0c89ecfda8f42b13a.jar E:\Android-Studio-WorkDir\Notes\app\build\intermediates\pre-dexed\release\library-2.4.0-095c62ac9c8ec950fc0a67655a242e1c15cd6a2d.jar E:\Android-Studio-WorkDir\Notes\app\build\intermediates\pre-dexed\release\internal_i
java_class_path (initial): E:\adt-bundle-windows-x86_64-20131030\build-tools\22.0.1\lib\dx.jar
Launcher Type: SUN_STANDARD

Environment Variables:
JAVA_HOME=E:\jdk
CLASSPATH=.;E:\jdk\lib\rt.jar;E:\jdk\lib\tools.jar;E:\mysql-connector-java-5.0.8\mysql-connector-java-5.0.8-bin.jar;E:\Tomcat\lib\jsp-api.jar;E:\Tomcat\lib\servlet-api.jar;E:\mysql-connector-java-5.0.8\mysql-connector-java-5.0.8-bin.jar;
PATH=C:\ProgramData\Oracle\Java\javapath;C:\Program Files (x86)\Common Files\NetSarang;C:\Windows\system32;C:\Windows;C:\Windows\System32\Wbem;C:\Windows\System32\WindowsPowerShell\v1.0\;C:\Program Files (x86)\ATI Technologies\ATI.ACE\Core-Static;C:\Program Files\Microsoft SQL Server\110\Tools\Binn\;D:\MATLAB\bin;D:\MATLAB\bin\win64;D:\NetWork Monitor\;C:\Go\bin;E:\nodejs\;E:\jdk\bin;E:\jdk\jre\bin;E:\adt-bundle-windows-x86_64-20131030\tools;E:\adt-bundle-windows-x86_64-20131030\platform-tools;E:\mysql-5.6.17-winx64\bin;E:\android-ndk-r10;;E:\cygwin64\bin;C:\Users\lgp\AppData\Local\GitHub\PortableGit_054f2e797ebafd44a30203088cd3d58663c627ef\bin;;C:\Users\lgp\.gradle\wrapper\dists\gradle-2.2.1-all\c64ydeuardnfqctvr1gm30w53\gradle-2.2.1\bin;C:\Users\lgp\AppData\Roaming\npm;E:\apache-ant-1.9.4\bin;
USERNAME=lgp
OS=Windows_NT
PROCESSOR_IDENTIFIER=Intel64 Family 6 Model 37 Stepping 5, GenuineIntel



---------------  S Y S T E M  ---------------

OS: Windows 8.1 , 64 bit Build 9600 (6.3.9600.17056)

CPU:total 4 (2 cores per cpu, 2 threads per core) family 6 model 37 stepping 5, cmov, cx8, fxsr, mmx, sse, sse2, sse3, ssse3, sse4.1, sse4.2, popcnt, ht, tsc, tscinvbit

Memory: 4k page, physical 6141472k(951316k free), swap 9287200k(413292k free)

vm_info: Java HotSpot(TM) 64-Bit Server VM (25.45-b02) for windows-amd64 JRE (1.8.0_45-b15), built on Apr 30 2015 12:40:44 by "java_re" with MS VC++ 10.0 (VS2010)

time: Tue Jun 02 17:34:06 2015
elapsed time: 1 seconds (0d 0h 0m 1s)

